2023-03-03T10:25:21+00:00 DEBUG Tt4b_Pixel_Class::inject_add_to_cart_event: hit injectAddToCartEvent
2023-03-03T10:25:21+00:00 DEBUG Tt4b_Pixel_Class::inject_add_to_cart_event: Missing option "access_token"
2023-03-03T10:25:33+00:00 DEBUG Tt4b_Pixel_Class::inject_start_checkout: hit injectStartCheckout
2023-03-03T10:25:33+00:00 DEBUG Tt4b_Pixel_Class::inject_start_checkout: Missing option "access_token"
2023-03-03T15:41:14+00:00 DEBUG tt4b_product_sync: missing access token for tt4b_product_sync
2023-03-03T15:41:15+00:00 DEBUG tt4b_product_sync: missing access token for tt4b_product_sync
2023-03-03T15:41:15+00:00 DEBUG tt4b_product_sync: missing access token for tt4b_product_sync
2023-03-03T15:41:15+00:00 DEBUG tt4b_product_sync: missing access token for tt4b_product_sync
2023-03-03T15:41:15+00:00 DEBUG tt4b_product_sync: missing access token for tt4b_product_sync
2023-03-03T15:41:15+00:00 DEBUG tt4b_product_sync: missing access token for tt4b_product_sync
2023-03-03T15:41:15+00:00 DEBUG tt4b_product_sync: missing access token for tt4b_product_sync
2023-03-03T15:41:16+00:00 DEBUG tt4b_product_sync: missing access token for tt4b_product_sync
2023-03-03T15:41:16+00:00 DEBUG tt4b_product_sync: missing access token for tt4b_product_sync
2023-03-03T15:41:16+00:00 DEBUG tt4b_product_sync: missing access token for tt4b_product_sync
2023-03-03T15:41:17+00:00 DEBUG tt4b_product_sync: missing access token for tt4b_product_sync
2023-03-03T15:41:17+00:00 DEBUG tt4b_product_sync: missing access token for tt4b_product_sync
2023-03-03T15:41:17+00:00 DEBUG tt4b_product_sync: missing access token for tt4b_product_sync
2023-03-03T15:41:18+00:00 DEBUG tt4b_product_sync: missing access token for tt4b_product_sync
2023-03-03T15:41:18+00:00 DEBUG tt4b_product_sync: missing access token for tt4b_product_sync
2023-03-03T15:41:19+00:00 DEBUG tt4b_product_sync: missing access token for tt4b_product_sync
2023-03-03T15:41:19+00:00 DEBUG tt4b_product_sync: missing access token for tt4b_product_sync
2023-03-03T15:41:20+00:00 DEBUG tt4b_product_sync: missing access token for tt4b_product_sync
2023-03-03T15:41:20+00:00 DEBUG tt4b_product_sync: missing access token for tt4b_product_sync
2023-03-03T15:41:21+00:00 DEBUG tt4b_product_sync: missing access token for tt4b_product_sync
